160
4 364 219 98 207
4 140 450 308 29
4 137 244 432 107
4 427 179 373 16
4 51 413 234 225
4 368 127 226 148
4 299 243 62 415
4 347 160 388 361
4 59 291 311 429
4 363 431 455 145
4 492 146 157 342
4 72 54 321 275
4 156 43 378 270
4 158 116 265 246
4 73 355 96 44
4 217 27 113 125
4 495 129 374 402
4 108 152 282 126
4 172 317 484 465
4 211 444 104 187
4 101 392 123 204
4 19 295 114 269
4 451 198 37 195
4 83 227 122 1
4 6 383 149 400
4 31 215 20 446
4 61 193 58 169
4 181 159 285 191
4 199 277 30 257
4 445 332 233 136
4 87 24 9 64
4 271 405 4 167
4 385 186 174 453
4 396 177 341 241
4 498 499 53 238
4 430 99 468 94
4 8 117 10 74
4 13 23 121 85
4 18 394 407 205
4 218 235 89 2
4 65 192 422 77
4 90 91 276 39
4 105 161 236 280
4 162 345 472 57
4 188 283 412 67
4 201 230 353 118
4 268 424 474 88
4 328 294 45 106
4 467 138 71 100
4 348 437 56 379
4 351 362 81 237
4 375 284 143 395
4 397 41 409 305
4 120 250 297 164
4 399 50 139 25
4 212 343 183 471
4 438 224 259 249
4 135 435 382 410
3 69 306 171
3 78 17 222
3 223 21 253
3 390 391 208
3 329 278 40
3 261 401 449
3 266 242 357
3 115 119 301
3 377 387 356
3 110 150 248
3 189 346 92
3 414 229 144
3 416 456 272
3 298 32 267
3 372 76 459
3 247 213 95
3 475 232 408
3 38 318 324
3 352 344 490
3 166 303 403
3 216 497 203
3 147 182 327
3 371 264 436
3 258 463 349
3 365 334 176
3 292 155 323
3 367 5 151
3 358 254 287
3 425 141 325
3 206 86 251
3 360 49 273
3 337 309 461
3 448 289 240
3 112 175 350
3 231 184 260
3 263 434 130
3 433 60 79
3 452 335 419
3 460 210 384
3 3 111 411
3 102 281 421
3 404 75 68
3 319 274 70
3 133 22 34
3 494 7 338
3 142 315 194
3 443 46 307
3 0 180 200
3 310 178 82
3 473 288 80
3 486 153 128
3 202 322 418
3 84 154 132
3 209 256 262
3 220 330 312
3 228 339 11
3 109 26 314
3 239 221 439
4 302 245 442 66
4 336 304 320 131
3 170 163 124
3 185 447 55
2 290 190
2 293 286
2 296 423
2 52 462
2 466 97
2 313 47
2 316 197
2 42 441
2 63 196
2 331 369
2 103 134
2 340 28
2 214 48
2 386 326
2 354 482
2 366 35
2 370 420
2 380 426
2 381 252
2 389 333
2 393 93
2 398 485
2 406 165
2 279 36
2 15 376
2 417 255
2 428 12
2 359 14
2 168 454
2 457 458
2 464 300
2 469 173
2 470 440
2 476 477
2 478 479
2 480 481
2 483 33
2 487 488
2 489 491
2 493 496
