1628
4 5357 6404 398 9906
4 6255 8148 8785 5913
4 6584 3629 8754 5121
4 5231 6312 7444 6632
4 9487 2094 2589 1756
4 4386 6735 421 8197
4 5796 5515 7710 5583
4 2861 59 2489 998
4 6655 7923 6839 8873
4 7704 7529 1737 7064
4 9612 8603 3987 6459
4 7796 9354 2584 3697
4 820 604 9213 9620
4 9004 8452 7262 2117
4 8437 5905 3904 2545
4 8733 8407 3505 674
4 9529 4449 4233 3626
4 4318 1287 4100 7569
4 8479 4574 1729 6476
4 7108 5416 5886 4644
4 6823 9483 847 7549
4 453 4863 7863 8689
4 4004 9131 9383 8189
4 7792 5363 8287 2752
4 370 2061 9618 9959
4 2155 1248 2395 1492
4 6668 7168 44 5211
4 2843 8284 2968 1677
4 7100 4848 2932 1396
4 2687 1561 9247 5744
4 8775 5427 8911 4579
4 3273 7936 2096 5001
4 4194 2222 5048 3457
4 5616 2475 4670 5251
4 6639 9813 4631 9818
4 2331 948 8641 9614
4 8854 4695 7201 5989
4 6756 7369 1146 7819
4 5592 2935 8837 2345
4 1114 6196 9765 3792
4 4147 3715 4041 6640
4 8119 5570 8004 6495
4 4106 1081 5526 3135
4 7305 9256 8636 7726
4 5052 7208 973 371
4 5083 3149 8240 3295
4 1341 7101 1556 2212
4 1210 3015 2115 6677
4 2819 8591 7551 2246
4 9128 1385 8991 666
4 8777 8814 4135 2558
4 2723 7939 7950 3678
4 9888 7525 5918 2598
4 2080 6935 4509 3293
4 6613 7577 4090 1423
4 2728 1164 3896 5945
4 8392 4808 1101 3942
4 2196 684 7259 3072
4 5791 876 7515 3302
4 2499 1013 6252 5042
4 6240 2548 6170 6176
4 9019 752 3420 461
4 4916 3024 1734 1812
4 7834 4405 4036 4702
4 839 4685 683 3647
4 7290 2459 962 1388
4 1115 3656 7368 8384
4 3795 7135 6762 6107
4 2124 3272 9527 4473
4 5090 4961 976 7945
4 8152 1707 2070 7198
4 384 7927 1830 3765
4 2141 6782 936 8639
4 714 1524 8585 132
4 2008 4788 5602 3484
4 110 1491 992 9129
4 4430 7516 7648 9894
4 336 9965 8063 864
4 5214 6381 7 4131
4 7961 4406 8851 4637
4 4964 9866 4957 7409
4 3499 7825 7202 63
4 5653 4886 5295 3096
4 49 6702 1322 7313
4 4874 82 3437 1671
4 9568 4917 5651 9986
4 8612 3357 8338 2642
4 5982 8320 636 1094
4 3607 5310 7104 7757
4 3940 3566 2064 5773
4 2727 71 4847 7896
4 3309 7543 7715 7326
4 4983 854 2274 8485
4 9305 4240 4185 3463
4 6168 8322 1418 887
4 9267 3825 1450 4322
4 6550 1203 281 2736
4 1353 1851 443 7540
4 9433 8745 4940 5625
4 5713 1004 2759 3176
4 5006 8608 5046 9552
4 4141 8116 3142 4638
4 3114 4320 6571 5904
4 9307 7136 1071 5096
4 47 5219 4235 1742
4 7088 6129 2293 2481
4 8465 7579 3376 4657
4 5873 7145 8626 5777
4 1713 4402 4837 2340
4 3042 1934 850 9946
4 4655 8803 7231 818
4 9690 213 1214 1988
4 532 1050 2922 8553
4 4074 1895 62 4475
4 4561 9525 9921 3632
4 4374 7583 5101 8375
4 727 7851 2686 6050
4 9263 7083 3047 6134
4 6957 8332 5383 8058
4 2982 2749 9532 4112
4 8250 1946 4477 8736
4 859 7308 4550 328
4 7032 4619 2259 8387
4 2342 2964 8506 7359
4 954 9795 2628 723
4 8010 5163 1233 3196
4 1724 1591 7937 1568
4 2045 6611 9 9295
4 6547 2828 5156 2962
4 2726 9119 3155 9340
4 8193 8767 8187 586
4 6882 9539 8242 2213
4 7725 3170 3337 9196
4 9106 8644 7643 2228
4 5172 3672 4102 2571
4 2544 9966 6534 9063
4 7267 1955 58 7595
4 4912 4995 6558 3257
4 1621 2795 2036 9576
4 3775 5652 8233 3593
4 9344 6038 3913 3648
4 120 201 3950 7953
4 7316 9243 7703 4167
4 4490 5729 4551 1996
4 7451 4139 1433 654
4 7079 8478 1817 7934
4 5931 3112 594 774
4 7148 4076 6842 5494
4 3889 706 9917 3519
4 2862 4058 676 3126
4 8186 2870 3368 2941
4 4150 2308 9747 65
4 8101 3689 6300 6994
4 3475 4390 3451 2456
4 7862 9751 8947 2323
4 2300 5324 5686 8199
4 5081 9235 11 4244
4 6927 6147 9374 7944
4 9528 2060 8616 6178
4 1383 4044 3708 2123
4 8115 5366 2814 4925
4 446 4884 9124 8079
4 7166 1839 1763 709
4 5845 6171 7196 9942
4 7494 2944 2985 8865
4 687 1701 3842 3840
4 6537 8397 3757 9559
4 7673 9605 8267 7814
4 2243 8601 2160 245
4 1049 4690 8348 8259
4 1936 3526 5540 3781
4 9873 3002 7981 7447
4 4284 5793 2085 9900
4 6359 8094 6777 5544
4 1136 1509 3106 4415
4 333 8286 780 5609
4 8167 9713 2652 3228
4 5359 403 6329 9289
4 5136 8509 7209 8449
4 373 7344 645 5835
4 2535 5854 6567 3356
4 1845 1336 9397 5209
4 8036 7466 1231 2351
4 3745 1767 8346 9151
4 7522 9542 6989 9629
4 9784 5919 1160 2718
4 5962 2267 8430 593
4 2203 6313 2023 6913
4 9722 6316 8839 6226
4 4965 3686 5772 3844
4 7756 9320 2364 1178
4 6582 778 263 2802
4 6060 9856 8563 6985
4 7050 7439 6638 4151
4 8834 2509 7700 1636
4 7489 4161 7330 6266
4 9111 3542 4352 4959
4 1359 7212 8047 6580
4 3869 7464 2994 766
4 6602 4480 8721 6481
4 1096 1200 5665 2572
4 3229 9283 1427 2282
4 717 18 773 9569
4 2619 9778 3089 60
4 9443 4137 2920 264
4 103 7629 7920 1228
4 522 1372 1357 2647
4 8923 5970 9843 4259
4 565 2674 2313 3087
4 9689 6410 251 6415
4 4582 8477 8607 214
4 6426 67 6467 745
4 8811 1861 8138 5332
4 4351 5891 6 2817
4 3443 9325 7026 7922
4 85 2305 5622 1883
4 2536 6123 8003 9691
4 9365 1001 9908 8487
4 9154 5492 2912 332
4 1340 7545 2009 8253
4 2095 9366 1711 3083
4 171 7671 3830 8040
4 1976 3496 3379 3618
4 9546 4134 3899 8997
4 5593 8835 9275 8849
4 1344 6914 8367 8056
4 9585 9806 8200 5803
4 2162 3214 9930 1740
4 3062 9363 197 9649
4 3308 5239 6769 9419
4 188 7699 4361 1510
4 1820 1061 5330 5378
4 4557 9968 9974 5720
4 8501 5244 8163 8701
4 5236 3583 1714 9779
4 5733 9514 1948 1505
4 5518 4727 4696 2353
4 1975 7391 7647 8529
4 1364 4516 9048 4717
4 321 8431 8940 7677
4 1800 7057 7911 1522
4 6342 4977 2245 6477
4 1351 296 9166 4649
4 924 3750 877 6956
4 8658 1965 1747 4951
4 8168 5529 1552 8956
4 4572 7153 2905 1717
4 1249 6363 7524 5375
4 3120 8990 2776 8026
4 5758 791 9511 8172
4 4867 4293 177 3137
4 5131 385 9732 9302
4 5488 3306 5600 3253
4 3579 2043 5728 4222
4 5808 9182 1787 257
4 5683 767 5149 7119
4 902 8418 3485 1673
4 7972 6747 4357 3905
4 6616 7824 2627 4064
4 3655 750 4902 9250
4 3673 6738 2809 8651
4 7385 5170 4607 8044
4 55 8548 4706 3473
4 631 3791 6188 432
4 8866 6742 7978 4498
4 7210 3557 96 6273
4 9252 3730 8779 7008
4 1523 2957 1202 7445
4 6627 9123 6370 4079
4 3834 301 4439 5991
4 3223 5028 1564 7415
4 1889 8625 3271 1429
4 1508 875 6198 9341
4 7748 4331 6444 9550
4 7250 7436 9545 6757
4 7319 836 8915 6297
4 9797 6192 6028 3167
4 5155 5849 2952 2585
4 5308 2112 730 6483
4 4600 2612 5174 2798
4 8722 7870 7152 6336
4 5610 9599 6058 463
4 9718 4043 8697 3978
4 3870 6384 9572 5074
4 4861 3944 5476 8614
4 1998 289 6938 6540
4 1810 9962 7296 3001
4 4200 9871 2575 1085
4 283 9746 407 1821
4 1912 7443 1261 6578
4 7412 2000 760 6377
4 3 7253 1853 4711
4 3278 915 5864 3692
4 5278 4663 5824 2381
4 1483 3028 6012 8579
4 9078 9426 9849 9271
4 6662 9507 6146 1743
4 4532 7302 4960 7567
4 8677 5203 2927 3518
4 9755 6144 1154 4367
4 8453 4179 7095 1037
4 1040 1476 8132 3367
4 1720 513 8659 278
4 4527 8683 3022 4883
4 7696 8470 7238 6526
4 1708 7558 7678 9626
4 8442 3885 9853 1819
4 464 9214 2226 9350
4 3728 8964 3845 1152
4 8670 3508 9695 4469
4 6320 9464 1378 1620
4 634 6498 7155 2055
4 4474 9265 2488 1866
4 1681 8751 2766 3362
4 7618 8702 1684 1224
4 8932 9880 5998 5207
4 3561 3736 9014 6296
4 3037 559 1253 7130
4 1484 1234 1393 2872
4 8750 4871 520 3107
4 1542 3973 5118 5909
4 8524 995 2573 1587
4 3248 7536 10 3029
4 1116 7759 2265 2939
4 1571 923 2089 4555
4 6367 2221 5785 8692
4 5462 8183 480 6583
4 9197 2937 3104 7613
4 3892 8637 6443 1073
4 2592 8297 797 5574
4 4292 8204 6981 4668
4 8874 912 5902 4870
4 3853 2538 6396 6228
4 7041 8293 4524 9952
4 9961 8516 7542 137
4 1833 970 1140 7740
4 3055 7178 1923 3511
4 6389 5899 6419 1765
4 5839 5487 4617 6309
4 9769 2185 5823 8671
4 9984 145 7103 5197
4 5441 208 7839 3746
4 2566 1726 3769 6231
4 5705 9907 5446 174
4 4627 3654 4857 8328
4 5503 7617 8929 8650
4 529 451 2877 7880
4 3997 2007 7463 6605
4 7215 5563 525 4521
4 3050 6856 1430 1197
4 4604 1122 8714 5013
4 5250 9390 8895 5271
4 2649 9852 8466 7118
4 688 1601 3969 3877
4 5151 9741 6220 1526
4 8363 9092 8673 290
4 1570 5649 9597 2295
4 926 8537 2999 3857
4 8931 1487 6205 4990
4 6752 3828 4565 6042
4 7218 7149 172 7610
4 556 6133 2127 5553
4 7778 8059 6666 1704
4 139 164 5644 8824
4 2879 737 2191 3808
4 6965 5548 4307 3540
4 1963 6052 628 3134
4 2407 2165 5341 2716
4 9450 8081 6364 8617
4 9161 5007 5056 2732
4 5017 117 9453 8707
4 3258 7499 5941 3932
4 4491 4126 3677 3608
4 7518 738 7204 6656
4 4230 3674 2081 844
4 5948 9241 7116 7624
4 5627 2309 7983 6010
4 3891 6715 4412 2590
4 8198 9490 846 5547
4 87 3544 884 8305
4 9246 9135 6623 7734
4 5875 3691 2848 916
4 7346 6577 1117 4975
4 7692 7151 7318 9895
4 1010 8247 1847 5815
4 2555 656 2811 5879
4 3276 2836 2484 7603
4 9588 4859 6256 8432
4 2804 9359 3595 642
4 6721 2125 1876 3480
4 2516 206 211 9719
4 6215 9471 4038 5710
4 5513 6036 4774 4703
4 1943 8342 6680 2486
4 7954 297 8527 3945
4 900 151 9761 56
4 6731 2106 5058 1361
4 9286 4522 3516 9566
4 3239 7255 9121 7861
4 7375 1856 1562 1712
4 9637 4946 9631 1256
4 1464 2697 9499 7512
4 8161 4671 5579 5981
4 6350 1874 8833 9143
4 6685 178 9425 9922
4 4170 1642 7475 9594
4 6703 7888 931 6645
4 8578 5061 8258 1827
4 3092 6110 6988 7432
4 4054 9976 9602 898
4 1159 6102 9238 4496
4 834 4792 8606 8239
4 6152 5517 6053 9368
4 1718 9799 9714 1735
4 1260 6157 4771 6531
4 7764 7363 3375 7278
4 124 9276 9730 5916
4 1877 6984 7990 7683
4 8679 3226 1598 9068
4 3895 142 7413 8652
4 2190 4363 1205 8153
4 5094 7875 2490 6651
4 1884 28 2705 8861
4 589 1888 9776 4636
4 236 4611 8434 7382
4 9650 2296 4410 3132
4 7777 4814 8653 8967
4 3802 9168 4731 17
4 4016 5277 6827 5457
4 9165 9299 5474 6193
4 3980 5371 8907 835
4 9748 9376 7884 4786
4 8035 6676 8609 7823
4 4442 253 4989 307
4 9326 5794 6794 45
4 3297 1584 9414 562
4 7219 9580 2765 7105
4 8032 2241 540 1723
4 1023 7914 9667 33
4 2020 3924 3839 4026
4 7659 3912 2887 6451
4 7406 1837 9043 8684
4 7090 9429 7426 4766
4 362 4865 4187 9382
4 4926 4716 4091 7662
4 1282 5235 7841 6202
4 1952 4089 2437 689
4 590 6870 8241 5035
4 6557 7993 6932 2368
4 2254 7733 2907 5559
4 6365 7594 9407 2467
4 6326 9896 3498 6800
4 1015 3558 4692 1648
4 5020 4904 735 5856
4 358 6466 5178 4093
4 5671 8715 1825 1129
4 3339 2006 7943 6976
4 8423 3563 3527 9675
4 6111 5336 4506 4592
4 210 1632 5389 9848
4 5530 5205 8019 4661
4 7037 3718 9703 2091
4 8333 2457 1332 6306
4 1339 1471 7424 2707
4 3914 2134 5531 4011
4 7356 6628 1440 1467
4 5355 7956 1422 9734
4 1533 5044 5325 8468
4 4559 2854 7010 9091
4 5898 3567 6873 4875
4 3760 4879 5255 9530
4 9468 3153 1512 4656
4 489 5756 9361 8376
4 2375 7286 1056 9864
4 5086 9879 7249 4773
4 2495 7964 8043 3352
4 622 2565 5085 2462
4 4495 6857 4639 6514
4 909 4720 7530 4992
4 3323 3573 7361 2702
4 5489 9459 804 146
4 1181 9836 4949 2120
4 7821 8889 6585 5551
4 8938 7768 7534 2428
4 7785 3704 7752 5633
4 2389 3145 5566 149
4 8648 9561 198 8894
4 5522 4573 9726 2874
4 6784 9192 2461 7526
4 8263 1174 4066 8133
4 3582 1381 1445 3894
4 3299 1311 6380 7818
4 1021 4452 9072 6016
4 2398 4511 2337 3004
4 3617 6726 6733 8597
4 3985 9016 7877 4725
4 2129 6208 6490 9868
4 6340 7917 6649 3322
4 3983 648 9122 1939
4 8823 3428 1886 4057
4 8845 3559 7770 6421
4 4953 5467 2400 1382
4 8325 960 7003 6528
4 635 5776 53 4650
4 39 5865 8712 7876
4 2924 3422 2600 4055
4 5461 8746 1994 6942
4 3371 4381 9828 7809
4 3966 1090 7374 6741
4 7013 3749 6724 4375
4 6834 3129 6206 7592
4 4467 2783 6553 150
4 5832 8299 9684 4997
4 4202 4907 9183 9221
4 3136 5869 1589 7074
4 32 8238 611 947
4 359 5556 3553 4478
4 512 9062 2148 6289
4 9549 7596 8176 7310
4 514 597 2875 9523
4 8682 3811 8276 4340
4 1822 4124 8222 3641
4 3564 9606 6681 5615
4 4704 1347 6149 3531
4 2277 9173 1609 5724
4 3188 711 7970 8150
4 678 5896 4887 7480
4 3011 4208 9891 2806
4 6700 7220 1595 3020
4 7221 300 3075 456
4 170 6243 3906 1922
4 1100 2167 8196 1047
4 2343 6574 6705 9988
4 8632 8123 6366 9802
4 3991 4514 8519 6248
4 2024 7230 608 9220
4 6811 0 4742 7689
4 313 5939 3244 1930
4 6446 2025 5496 9456
4 6160 5164 471 5380
4 6264 6637 6015 1507
4 9096 8752 8908 6155
4 3121 5166 5047 7419
4 8264 3694 4933 6076
4 8562 534 3412 404
4 5954 7984 1908 4335
4 4708 8027 9971 7454
4 9752 1761 5908 9573
4 9978 6903 3882 8143
4 7975 1751 2198 6280
4 8517 9996 7425 8898
4 1044 1199 8863 6849
4 6522 8801 5040 6596
4 7386 8134 3105 1569
4 9987 1406 7731 6022
4 9583 1179 9328 5449
4 5362 8954 1157 2260
4 2367 3681 4823 6017
4 4215 6648 9201 5173
4 433 1106 8202 6436
4 5860 5947 4419 1593
4 8711 5721 6778 6659
4 3127 4456 8210 8876
4 9210 3203 1840 2954
4 541 708 4286 9486
4 6112 7727 4052 6184
4 9038 3517 1616 396
4 9633 6719 2506 4958
4 4790 5763 7966 2401
4 9721 5240 5836 8828
4 7509 147 6361 5418
4 1668 8696 6051 9222
4 5536 6351 5920 6673
4 825 6478 2278 4640
4 204 1529 3724 5813
4 6246 8160 968 5584
4 355 4206 8864 8413
4 4465 6203 70 7384
4 2601 6492 6713 7521
4 7555 5730 2062 8425
4 8667 8336 3235 5451
4 8810 3657 1400 2320
4 5198 849 7751 2983
3 6576 1012 3939
3 1161 6963 2786
3 633 5958 9876
3 2159 7320 1535
3 4534 2949 4400
3 3596 7500 6352
3 1411 9198 9995
3 4688 9446 9920
3 4092 8006 5751
3 6864 6473 500
3 465 8139 9768
3 8977 9028 1321
3 234 1843 7674
3 240 3972 3590
3 530 4858 5872
3 5368 1640 3809
3 7094 1678 4839
3 1750 1062 2329
3 4801 5897 1796
3 2762 2578 4188
3 270 136 4000
3 430 1768 2891
3 2746 5208 9187
3 5082 9519 3330
3 6302 3543 3902
3 7397 2661 1259
3 2207 6964 8822
3 8215 7557 3060
3 7995 889 4943
3 6698 9855 1959
3 2604 8454 6887
3 2193 7407 5168
3 620 131 3926
3 9699 9332 1409
3 1330 6275 4359
3 955 3818 5482
3 2632 9015 6121
3 6097 97 4994
3 1980 7924 5676
3 9767 5986 6003
3 439 7663 3052
3 7729 6463 5994
3 1131 1235 7441
3 8401 2694 1371
3 2977 9431 3651
3 4796 2713 7461
3 6761 9656 842
3 9538 9398 8930
3 885 8568 462
3 8900 4942 3370
3 3212 9659 4248
3 1961 8435 9269
3 6890 6835 9075
3 956 6450 4387
3 6565 6328 9595
3 1286 6452 4504
3 2595 24 372
3 1649 6960 4228
3 3280 8252 2074
3 6137 5245 8919
3 8383 3311 8031
3 8326 8022 2072
3 6008 9489 5606
3 9083 229 978
3 5732 1318 639
3 6161 7632 1983
3 3344 5752 7554
3 4635 5666 8180
3 1036 4046 6263
3 8037 6699 31
3 2210 6844 6809
3 8859 183 8447
3 7895 7633 6818
3 8675 6851 9543
3 2881 9086 7532
3 2297 3822 4238
3 7471 6448 4301
3 4783 4104 9944
3 9280 5106 1377
3 7586 602 9009
3 458 7410 6197
3 756 4358 7812
3 1538 6972 9394
3 2608 3887 1650
3 9418 1279 4031
3 6959 3347 7991
3 8815 5146 1546
3 7357 4434 9047
3 7362 1755 7457
3 4399 7694 7614
3 2596 8353 9600
3 2903 6915 8766
3 3141 9114 2785
3 3951 9215 4537
3 6291 6258 7132
3 6311 2399 3509
3 6471 4339 7581
3 9035 7971 7036
3 9137 9578 8663
3 221 392 3364
3 801 9413 1475
3 1536 7387 9564
3 4653 2304 4502
3 4069 457 431
3 3021 6353 5024
3 5443 2685 5175
3 5181 2859 8089
3 40 8212 6095
3 1688 6127 86
3 2892 3793 2953
3 5066 9716 1519
3 7850 4736 2741
3 1220 9274 4097
3 4877 2144 4596
3 2059 1453 919
3 4679 1807 9085
3 30 7828 9002
3 487 5731 6925
3 6225 4787 413
3 502 2307 4798
3 7960 8097 5157
3 1778 7697 1043
3 8438 325 7724
3 6944 5719 7018
3 7959 6630 5125
3 3261 644 3555
3 8543 9094 5191
3 3875 640 2242
3 9651 78 7078
3 9678 343 4595
3 4249 7395 1590
3 152 6725 673
3 3012 7881 168
3 2149 725 252
3 2101 2169 4549
3 9957 8314 2799
3 3841 1744 802
3 4777 4221 9838
3 3956 615 2610
3 9223 9540 1009
3 5631 37 7170
3 613 7423 4291
3 1869 2950 4173
3 4567 5959 5817
3 2033 9820 2772
3 34 6229 1502
3 7742 9524 8629
3 9227 2469 1426
3 3125 6569 7622
3 5190 1979 5128
3 8393 5641 5442
3 4689 7800 2028
3 6034 739 3665
3 726 953 6952
3 4826 3123 5882
3 1165 848 9709
3 7314 2388 3789
3 7631 2102 840
3 9892 5628 7206
3 7994 7889 8206
3 4855 6005 6506
3 4880 7826 579
3 13 5346 2472
3 20 1167 4116
3 305 3698 9065
3 5233 3679 6232
3 467 740 1084
3 4969 7602 8486
3 2002 4578 8229
3 4267 9584 76
3 5881 7430 9475
3 2751 6746 4099
3 477 7803 8093
3 860 5387 5714
3 2669 2956 8643
3 2215 2837 2412
3 6922 5863 5422
3 8426 6148 9830
3 949 2143 1606
3 7600 6210 4935
3 3621 3515 7951
3 1953 7666 3838
3 2422 9958 4554
3 6674 675 3761
3 4750 4246 4922
3 6175 8576 335
3 6189 414 4811
3 193 3743 5850
3 7496 2019 2137
3 395 2527 4245
3 649 5161 7906
3 1549 3246 3449
3 1586 2514 8137
3 2232 8177 6104
3 9260 568 2634
3 4078 6479 1194
3 8028 57 8737
3 9337 1080 8804
3 4447 2432 393
3 7713 4279 8398
3 83 8277 7194
3 6824 2358 7252
3 1416 6544 8903
3 3146 4841 2671
3 7804 554 2164
3 4662 5558 4298
3 5026 3161 3581
3 8256 937 2442
3 7565 6822 9157
3 3318 6563 68
3 1031 115 6590
3 2531 2712 1892
3 8950 9887 6046
3 2824 1793 1369
3 3482 868 9036
3 3504 4030 5829
3 4311 1027 9551
3 4804 4489 9679
3 9234 2529 5951
3 9526 1276 402
3 16 4451 7859
3 3263 1694 4176
3 3431 6270 7743
3 6430 4398 8201
3 3332 6664 9458
3 8498 2629 9313
3 7813 23 2929
3 7653 9294 6332
3 9105 4328 7418
3 982 2047 6118
3 9488 6852 8108
3 1118 3174 7176
3 1532 793 153
3 1514 4767 3316
3 1527 3911 7559
3 5401 4840 4605
3 6744 8355 1978
3 9333 8440 6130
3 6294 9692 4488
3 7490 9496 7963
3 6494 3880 2235
3 4164 9022 8179
3 6063 558 5944
3 1452 6315 1270
3 1986 4001 1032
3 2303 3903 444
3 4892 6828 1516
3 4914 499 7761
3 8952 2898 3233
3 5373 293 3930
3 2264 9810 5672
3 9680 3824 7024
3 1250 5895 6244
3 1618 8986 6245
3 5199 9251 5097
3 5059 3547 1806
3 1699 5268 4599
3 9745 5019 9613
3 5834 4982 1504
3 5980 8654 1891
3 6510 9635 1201
3 4047 8642 8571
3 8289 459 7197
3 5212 4155 5200
3 365 5769 8640
3 225 3407 6962
3 858 4747 8918
3 218 3584 4630
3 6357 6740 1296
3 6093 9149 2533
3 8067 6323 4407
3 977 8525 6770
3 6560 7805 7460
3 4095 6693 5043
3 3147 8593 8472
3 3570 5400 2668
3 2402 5098 4856
3 8235 4562 2570
3 2683 7236 9993
3 9272 185 3513
3 3355 7616 7849
3 123 3274 8567
3 1951 346 7150
3 1865 9655 1058
3 4723 8965 5950
3 6600 8382 4623
3 8773 3878 4325
3 8572 6223 6899
3 6766 7273 9181
3 6727 2335 9985
3 6846 4694 8897
3 2294 3078 6803
3 5831 8981 3773
3 4217 1127 5598
3 6002 7048 5505
3 6604 9858 6612
3 2205 9711 4713
3 2199 3281 6581
3 9771 4314 7957
3 6524 94 8756
3 8821 8456 8727
3 7693 473 1848
3 7190 9927 516
3 7899 4898 5237
3 7315 7868 6090
3 6669 1132 3883
3 8340 6711 6078
3 8753 9073 4546
3 7247 7237 2240
3 6259 9356 771
3 8806 2946 4156
3 5578 9863 1841
3 7085 9859 1110
3 1835 8729 1669
3 2333 576 8388
3 1137 7815 9844
3 7329 8372 5041
3 3806 3396 511
3 7634 5812 9003
3 3748 4144 4775
3 2220 7127 5077
3 2328 4482 8734
3 5171 1849 5276
3 3539 7388 3947
3 3506 3324 5323
3 2466 7665 9624
3 143 3933 5189
3 5370 4981 9846
3 1488 1814 9008
3 5800 6304 899
3 3402 7686 4918
3 896 3587 7275
3 417 6064 9744
3 5621 6126 1212
3 4613 2852 9230
3 2754 3038 5234
3 5702 6739 3099
3 5134 2911 4255
3 5471 8129 160
3 4501 9611 1898
3 4746 2582 5613
3 3265 1639 2046
3 3747 22 8808
3 1754 9013 4308
3 7123 7121 1313
3 8021 3615 5140
3 8994 9261 8573
3 1288 9338 6472
3 6920 6993 4558
3 906 6227 8049
3 8464 1461 6023
3 9603 101 9877
3 828 5397 6697
3 7931 4172 3849
3 1271 6671 1774
3 5586 5917 4088
3 1665 381 2621
3 159 2068 8716
3 550 4136 4312
3 1266 6774 6398
3 4197 6990 2216
3 3131 2406 1480
3 8934 2835 2022
3 5523 3442 1170
3 3578 1653 3097
3 6035 9759 4394
3 2711 9660 4479
3 6414 7510 6595
3 9194 753 6636
3 1935 4163 1138
3 3491 796 6831
3 1971 865 5192
3 2444 2016 1093
3 7491 2793 9029
3 1783 133 1624
3 651 3721 669
3 5599 1904 5391
3 2234 1086 8996
3 6132 7400 1985
3 2268 9134 2549
3 3439 2105 3884
3 4564 2390 3664
3 8793 1208 1221
3 279 6812 1899
3 728 3893 8645
3 4910 3262 845
3 4894 3862 9882
3 1192 2417 2289
3 2237 2591 8978
3 3334 7233 2775
3 6432 1656 5253
3 1184 7969 3744
3 990 2987 1836
3 5770 6517 1172
3 472 6096 6520
3 3381 4196 8759
3 8987 2281 7903
3 5329 3425 5658
3 8084 2951 7117
3 3783 4818 8411
3 3521 8584 7902
3 5972 7980 1781
3 2376 219 5903
3 4193 5577 9575
3 1292 1683 7502
3 2730 5426 5460
3 6261 1627 7786
3 893 3782 2334
3 6180 5313 5736
3 8694 4833 9089
3 401 5132 5966
3 8015 5594 9200
3 2781 9901 3888
3 1646 3124 1928
3 3927 6373 8789
3 3085 89 7371
3 3817 8539 8316
3 8165 8166 7309
3 9948 6356 7721
3 3312 2731 8633
3 2990 199 5122
3 1120 6973 6497
3 5511 8268 4529
3 2184 2326 757
3 610 7925 5064
3 2577 867 8141
3 7907 3929 7695
3 5246 2947 1867
3 2065 217 6953
3 3873 4678 4094
3 3445 9534 4932
3 2136 419 2453
3 6417 2750 7289
3 827 144 1331
3 7608 6068 6409
3 9152 5514 316
3 7501 6529 7684
3 2087 2173 2560
3 7065 5345 7672
3 6586 5481 3216
3 7043 1870 4669
3 3076 4428 9770
3 9156 9754 1716
3 4487 9502 7675
3 4468 5952 9172
3 934 5104 1638
3 2554 7110 3411
3 241 6331 6541
3 1788 441 1494
3 348 1495 4508
3 2480 8776 7274
3 7223 7962 5804
3 2463 7177 930
3 8665 9941 4538
3 1299 9140 6805
3 545 2722 5398
3 9535 8618 3965
3 8709 618 3941
3 7091 1700 6253
3 8842 292 9209
3 288 7553 1469
3 894 4646 3580
3 2011 4882 1209
3 3610 8409 8853
3 4544 2464 163
3 7642 6425 9860
3 7014 6958 8638
3 356 6513 5182
3 2567 6307 7664
3 7096 4842 4553
3 287 2227 643
3 7087 7795 5424
3 4392 4714 6897
3 5429 3115 4149
3 304 3313 7744
3 6301 7640 7546
3 6213 5848 5663
3 2050 3807 9670
3 207 3017 9785
3 8298 9179 7134
3 4628 2057 3424
3 3536 5825 8941
3 819 862 1574
3 1227 5060 3178
3 2564 8502 9491
3 5254 2179 691
3 4355 4337 7216
3 2288 2805 3541
3 4948 3186 7544
3 3753 6904 5534
3 8534 5206 7878
3 3798 1652 6629
3 3300 3401 7788
3 157 3353 8273
3 7229 9367 8068
3 7298 9225 9100
3 8732 7163 5725
3 9710 425 2163
3 3208 128 5294
3 4986 1376 7799
3 2239 1958 2418
3 2563 2841 9329
3 4791 9314 4403
3 7019 5550 9647
3 1196 6125 7140
3 5612 8740 4143
3 5741 6796 6620
3 9406 8886 5718
3 1277 7948 6087
3 6814 800 226
3 9232 769 958
3 1661 1615 9423
3 2318 733 2344
3 6748 1685 415
3 347 378 2689
3 9885 9553 4634
3 186 9870 9617
3 616 8870 8310
3 2435 3209 7556
3 3712 4693 5573
3 3812 5611 8564
3 5771 9590 3438
3 6484 9582 4598
3 9570 2201 9346
3 249 6405 1130
3 383 1809 8321
3 7758 7060 2586
3 789 4518 9862
3 1403 2152 2451
3 3917 4726 719
3 9158 5510 1479
3 7333 1099 7434
3 4226 784 108
3 7365 8309 1949
3 1563 8771 7349
3 3006 4789 6387
3 4906 189 4290
4 4659 3031 5901 5657
4 2672 7175 9935 7186
3 1404 7898 1801
3 2012 8103 9555
2 1111 4675
2 1180 3327
2 1046 1732
2 8064 6457
2 349 7459
2 388 5343
2 6983 3922
2 8164 2715
2 1119 3949
2 7946 1909
2 8086 7580
2 1335 405
2 1188 3859
2 6500 2676
2 2550 1284
2 7807 6843
2 6701 4709
2 8347 8960
2 8379 6692
2 258 6233
2 4211 6917
2 5210 69
2 4996 3860
2 7541 9205
2 291 1679
2 4939 2470
2 6279 1993
2 2356 8412
2 8282 3784
2 3247 268
2 917 4810
2 3636 7915
2 1611 280
2 5148 831
2 693 2483
2 9819 3213
2 1868 6456
2 9737 5379
2 703 361
2 6222 2546
2 203 1230
2 922 1074
2 2386 8461
2 935 7965
2 863 9323
2 7669 8406
2 9954 5316
2 2579 662
2 2512 5983
2 7791 3386
2 8493 5409
2 5183 7835
2 5779 7507
2 8602 5327
2 2878 1799
2 8726 2498
2 3416 4830
2 8784 227
2 4621 9999
2 5977 7667
2 7307 8410
2 9282 437
2 8374 342
2 6254 5187
2 2086 3292
2 5356 8523
2 2789 4330
2 8955 3787
2 1818 6407
2 8875 9372
2 2378 2324
2 6085 5699
2 3821 509
2 7165 987
2 2271 6607
2 8985 4664
2 2405 9742
2 3827 5005
2 8686 5410
2 1917 8561
2 1329 2747
2 6257 8850
2 5833 4950
2 8080 2382
2 4632 4633
2 9807 200
2 2311 2942
2 318 7322
2 9636 811
2 9724 3639
2 6371 491
2 8491 376
2 4979 983
2 2503 1731
2 312 9159
2 303 2206
2 2541 9701
2 4461 9604
2 1987 2373
2 4425 9632
2 7092 173
2 782 7479
2 2384 1105
2 3389 8791
2 794 9557
2 9186 3385
2 5694 2035
2 741 2508
2 9717 5844
2 9148 2030
2 195 872
2 2825 2410
2 8731 9162
2 1045 4435
2 7992 5177
2 3819 9773
2 6158 9644
2 435 8142
2 7712 148
2 1063 1415
2 3199 6434
2 7706 409
2 7820 3866
2 8725 1918
2 4724 230
2 9533 4371
2 2883 6242
2 1133 3394
2 4273 8872
2 1534 6420
2 3756 5413
2 5266 7627
2 4369 4220
2 4107 7251
2 7636 5957
2 3267 984
2 4 1323
2 4323 1554
2 4978 5643
2 8136 621
2 5399 4651
2 3144 2803
2 7228 5073
2 5885 9342
2 7832 1705
2 9609 821
2 7753 1135
2 3935 8857
2 9977 3225
2 652 4356
2 1610 3620
2 1969 1897
2 2427 2934
2 3799 6678
2 2884 5045
2 3058 508
2 3466 4535
2 3474 901
2 4103 5470
2 4237 5979
2 4260 605
2 4807 3227
2 5167 2873
2 5361 7033
2 5840 4032
2 5883 6234
2 6174 4214
2 6480 5853
2 6499 5265
2 9663 4734
2 7243 7093
2 7561 6156
2 7547 7938
2 7736 7408
2 1305 6077
2 4224 2330
2 9327 7393
2 9963 8728
2 194 2425
2 1654 6675
2 8613 8879
2 2500 179
2 2996 7276
2 8758 483
2 4822 8395
2 5340 6901
2 4758 5350
2 5745 9362
2 2556 4372
2 6841 4860
2 7172 8570
2 7588 8778
2 4344 9102
2 7264 2166
2 3984 7793
2 8770 7097
2 8780 7416
2 4577 3082
2 9787 5508
2 6654 8507
2 184 8786
2 209 9380
2 596 2769
2 2170 7427
2 9822 8535
2 9775 9070
2 2272 7730
2 3879 111
2 4732 9011
2 8224 482
2 5067 7086
2 7059 6187
2 7639 1142
2 8117 729
2 8311 8417
2 8877 118
2 9415 192
2 478 9264
2 7789 4891
2 1728 1972
2 3108 2447
2 3189 7856
2 4175 9218
2 4376 9931
2 4972 3530
2 1517 6937
2 6141 2520
2 6853 3476
2 7578 7098
2 7883 3044
2 2974 2485
2 4890 8144
2 8405 5107
2 8961 8114
2 8975 3777
2 9421 9749
2 9571 4285
2 1831 8361
2 781 1496
2 1695 7075
2 1614 5557
2 5279 8038
2 2808 8061
2 7942 6128
2 3716 274
2 3727 5747
2 4254 6635
2 5504 8075
2 5906 3717
2 5993 121
2 3023 1703
2 6614 5696
2 6902 1485
2 1749 8009
2 8135 2771
2 8272 7741
2 156 7847
2 908 2812
2 9556 3493
2 3469 4427
2 8110 7864
2 5617 6265
2 4899 4470
2 4952 6411
2 8500 1283
2 6720 3685
2 4523 8244
2 1696 4440
2 7483 6559
2 1206 2172
2 5051 8970
2 8462 5483
2 4876 61
2 9031 8002
2 7337 5023
2 7077 6177
2 9357 6971
2 1226 833
2 7590 6308
2 2532 311
2 2110 6833
2 1171 1753
2 5926 5900
2 4098 3635
2 4845 2602
2 5693 3705
2 4232 9436
2 5870 5304
2 4699 2039
2 7292 6293
2 7017 5533
2 1350 2098
2 4851 7102
2 8220 6428
2 8542 507
2 6682 7045
2 603 3846
2 9736 6545
2 8880 8045
2 866 428
2 2393 7514
2 1326 1006
2 7067 8555
2 1634 8698
2 1307 7453
2 1625 7187
2 2298 1804
2 2657 1984
2 8530 424
2 7606 9793
2 7682 5480
2 3794 7069
2 4588 3053
2 4913 3059
2 3008 1439
2 1937 2827
2 5262 1513
2 5382 3690
2 468 6509
2 4591 1275
2 1177 4333
2 256 4063
2 7550 7248
2 3854 668
2 8635 5938
2 5100 7658
2 574 5213
2 9686 9301
2 2645 2138
2 658 9548
2 538 5907
2 1553 1029
2 2252 903
2 5158 4980
2 8494 6026
2 275 6454
2 7404 8556
2 7068 9457
2 6539 6075
2 379 2758
2 7030 5008
2 7139 7022
2 6429 8011
2 6119 4691
2 7833 7711
2 9861 4236
2 2980 1777
2 8924 8190
2 154 422
2 9910 8473
2 7782 2662
2 5727 8797
2 3383 360
2 959 4305
2 1932 182
2 7367 9296
2 1775 27
2 3534 2673
2 9126 81
2 7000 9311
2 2961 7071
2 7138 9007
2 1237 1667
2 9204 9146
2 1501 795
2 9101 5838
2 7929 6998
2 8109 6491
2 682 3307
2 1622 406
2 6237 6098
2 3156 1316
2 1166 6551
2 7399 6647
2 2231 3268
2 5859 4174
2 9823 2900
2 4019 4048
2 4297 5377
2 6643 9297
2 4966 8159
2 4438 3340
2 5260 5783
2 2310 1762
2 2385 5640
2 4581 8318
2 2431 3201
2 5910 2583
2 7688 7281
2 1302 3696
2 7533 9498
2 6021 7584
2 9044 4843
2 698 9972
2 3993 4262
2 5632 8968
2 3754 7011
2 4060 5281
2 3719 6195
2 6199 9933
2 5585 5472
2 803 5754
2 3803 2664
2 3154 1149
2 4571 25
2 6519 3611
2 3361 8592
2 1789 9521
2 4893 4793
2 4770 3266
2 7574 1878
2 526 3454
2 2153 8334
2 8868 9932
2 2357 3205
2 6290 972
2 3591 9189
2 6283 2525
2 5430 8001
2 8118 9825
2 746 582
2 180 6391
2 2899 1612
2 1190 3994
2 6850 1873
2 224 921
2 3619 2280
2 6412 6617
2 1880 4705
2 6848 7129
2 5828 4009
2 2026 3382
2 3810 2928
2 9577 4923
2 4525 5386
2 4453 1824
2 6923 6185
2 7890 54
2 6859 4283
2 1725 573
2 9059 238
2 1992 7340
2 9270 8231
2 6040 9914
2 6862 2656
2 1134 1308
2 6031 5538
2 6393 1191
2 9554 2709
2 4132 9336
2 4911 8541
2 6961 3169
2 4034 8344
2 8000 7852
2 6533 7523
2 9411 1770
2 6772 2038
2 319 6592
2 5949 1087
2 7504 8034
2 3286 9698
2 9024 9720
2 659 3990
2 4209 412
2 3413 7488
2 999 7261
2 8441 7830
2 2010 2154
2 886 6334
2 3645 3843
2 4821 5635
2 6516 5549
2 4520 4556
2 5809 8554
2 4987 5014
2 5227 5257
2 5697 5778
2 9229 3523
2 6163 6792
2 7222 8098
2 5010 3963
2 8508 8757
2 8546 9150
2 9400 4252
2 9042 6799
2 533 911
2 583 986
2 1290 1374
2 1401 1664
2 1915 1964
2 341 8085
2 2733 2858
2 452 7985
2 3546 3643
2 3628 3788
2 4062 4976
2 5029 2706
2 5049 5108
2 5153 5342
2 5406 5466
2 5527 5539
2 5619 5820
2 6631 7005
2 7042 7822
